#
# A fatal error has been detected by the Java Runtime Environment:
#
#  EXCEPTION_UNCAUGHT_CXX_EXCEPTION (0xe06d7363) at pc=0x00007ffd02accd29, pid=9120, tid=19824
#
# JRE version: OpenJDK Runtime Environment Corretto-18.0.0.37.1 (18.0+37) (build 18+37-FR)
# Java VM: OpenJDK 64-Bit Server VM Corretto-18.0.0.37.1 (18+37-FR, mixed mode, emulated-client, sharing, tiered, compressed oops, compressed class ptrs, g1 gc, windows-amd64)
# Problematic frame:
# C  [KERNELBASE.dll+0x2cd29]
#
# No core dump will be written. Minidumps are not enabled by default on client versions of Windows
#
# If you would like to submit a bug report, please visit:
#   https://github.com/corretto/corretto-18/issues/
# The crash happened outside the Java Virtual Machine in native code.
# See problematic frame for where to report the bug.
#

---------------  S U M M A R Y ------------

Command Line: -XX:TieredStopAtLevel=1 backend.API.UploadingFilesApplication

Host: Intel(R) Core(TM) i5-8250U CPU @ 1.60GHz, 8 cores, 7G,  Windows 10 , 64 bit Build 19041 (10.0.19041.2546)
Time: Fri Mar  3 00:34:19 2023 Eastern Standard Time elapsed time: 190.196150 seconds (0d 0h 3m 10s)

---------------  T H R E A D  ---------------

Current thread (0x000002325200a2e0):  JavaThread "http-nio-8080-exec-8" daemon [_thread_in_native, id=19824, stack(0x0000006100e00000,0x0000006100f00000)]

Stack: [0x0000006100e00000,0x0000006100f00000],  sp=0x0000006100efc870,  free space=1010k
Native frames: (J=compiled Java code, j=interpreted, Vv=VM code, C=native code)
C  [KERNELBASE.dll+0x2cd29]
C  [VCRUNTIME140.dll+0x486d]
C  [binary_to_csv_lib.dll+0x1794e]

Java frames: (J=compiled Java code, j=interpreted, Vv=VM code)
j  backend.API.binary_csv.BinaryTOCSV.toCSV(Ljava/lang/String;Ljava/lang/String;Z)V+0
j  backend.API.FileUploadController.handleFileUploadAPI(Lorg/springframework/web/multipart/MultipartFile;)Lorg/springframework/http/ResponseEntity;+100
j  java.lang.invoke.LambdaForm$DMH+0x0000000800c84000.invokeVirtual(Ljava/lang/Object;Ljava/lang/Object;Ljava/lang/Object;)Ljava/lang/Object;+11 java.base@18
j  java.lang.invoke.LambdaForm$MH+0x0000000800c39000.invoke(Ljava/lang/Object;Ljava/lang/Object;Ljava/lang/Object;)Ljava/lang/Object;+52 java.base@18
j  java.lang.invoke.Invokers$Holder.invokeExact_MT(Ljava/lang/Object;Ljava/lang/Object;Ljava/lang/Object;Ljava/lang/Object;)Ljava/lang/Object;+20 java.base@18
j  jdk.internal.reflect.DirectMethodHandleAccessor.invokeImpl(Ljava/lang/Object;[Ljava/lang/Object;)Ljava/lang/Object;+55 java.base@18
j  jdk.internal.reflect.DirectMethodHandleAccessor.invoke(Ljava/lang/Object;[Ljava/lang/Object;)Ljava/lang/Object;+23 java.base@18
j  java.lang.reflect.Method.invoke(Ljava/lang/Object;[Ljava/lang/Object;)Ljava/lang/Object;+102 java.base@18
j  org.springframework.web.method.support.InvocableHandlerMethod.doInvoke([Ljava/lang/Object;)Ljava/lang/Object;+29
j  org.springframework.web.method.support.InvocableHandlerMethod.invokeForRequest(Lorg/springframework/web/context/request/NativeWebRequest;Lorg/springframework/web/method/support/ModelAndViewContainer;[Ljava/lang/Object;)Ljava/lang/Object;+41
j  org.springframework.web.servlet.mvc.method.annotation.ServletInvocableHandlerMethod.invokeAndHandle(Lorg/springframework/web/context/request/ServletWebRequest;Lorg/springframework/web/method/support/ModelAndViewContainer;[Ljava/lang/Object;)V+4
j  org.springframework.web.servlet.mvc.method.annotation.RequestMappingHandlerAdapter.invokeHandlerMethod(Ljakarta/servlet/http/HttpServletRequest;Ljakarta/servlet/http/HttpServletResponse;Lorg/springframework/web/method/HandlerMethod;)Lorg/springframework/web/servlet/ModelAndView;+244
j  org.springframework.web.servlet.mvc.method.annotation.RequestMappingHandlerAdapter.handleInternal(Ljakarta/servlet/http/HttpServletRequest;Ljakarta/servlet/http/HttpServletResponse;Lorg/springframework/web/method/HandlerMethod;)Lorg/springframework/web/servlet/ModelAndView;+81
j  org.springframework.web.servlet.mvc.method.AbstractHandlerMethodAdapter.handle(Ljakarta/servlet/http/HttpServletRequest;Ljakarta/servlet/http/HttpServletResponse;Ljava/lang/Object;)Lorg/springframework/web/servlet/ModelAndView;+7
j  org.springframework.web.servlet.DispatcherServlet.doDispatch(Ljakarta/servlet/http/HttpServletRequest;Ljakarta/servlet/http/HttpServletResponse;)V+259
j  org.springframework.web.servlet.DispatcherServlet.doService(Ljakarta/servlet/http/HttpServletRequest;Ljakarta/servlet/http/HttpServletResponse;)V+242
j  org.springframework.web.servlet.FrameworkServlet.processRequest(Ljakarta/servlet/http/HttpServletRequest;Ljakarta/servlet/http/HttpServletResponse;)V+70
j  org.springframework.web.servlet.FrameworkServlet.doPost(Ljakarta/servlet/http/HttpServletRequest;Ljakarta/servlet/http/HttpServletResponse;)V+3
j  jakarta.servlet.http.HttpServlet.service(Ljakarta/servlet/http/HttpServletRequest;Ljakarta/servlet/http/HttpServletResponse;)V+149
j  org.springframework.web.servlet.FrameworkServlet.service(Ljakarta/servlet/http/HttpServletRequest;Ljakarta/servlet/http/HttpServletResponse;)V+20
j  jakarta.servlet.http.HttpServlet.service(Ljakarta/servlet/ServletRequest;Ljakarta/servlet/ServletResponse;)V+36
j  org.apache.catalina.core.ApplicationFilterChain.internalDoFilter(Ljakarta/servlet/ServletRequest;Ljakarta/servlet/ServletResponse;)V+305
j  org.apache.catalina.core.ApplicationFilterChain.doFilter(Ljakarta/servlet/ServletRequest;Ljakarta/servlet/ServletResponse;)V+99
j  org.apache.tomcat.websocket.server.WsFilter.doFilter(Ljakarta/servlet/ServletRequest;Ljakarta/servlet/ServletResponse;Ljakarta/servlet/FilterChain;)V+21
j  org.apache.catalina.core.ApplicationFilterChain.internalDoFilter(Ljakarta/servlet/ServletRequest;Ljakarta/servlet/ServletResponse;)V+135
j  org.apache.catalina.core.ApplicationFilterChain.doFilter(Ljakarta/servlet/ServletRequest;Ljakarta/servlet/ServletResponse;)V+99
j  org.springframework.web.filter.RequestContextFilter.doFilterInternal(Ljakarta/servlet/http/HttpServletRequest;Ljakarta/servlet/http/HttpServletResponse;Ljakarta/servlet/FilterChain;)V+21
j  org.springframework.web.filter.OncePerRequestFilter.doFilter(Ljakarta/servlet/ServletRequest;Ljakarta/servlet/ServletResponse;Ljakarta/servlet/FilterChain;)V+150
j  org.apache.catalina.core.ApplicationFilterChain.internalDoFilter(Ljakarta/servlet/ServletRequest;Ljakarta/servlet/ServletResponse;)V+135
j  org.apache.catalina.core.ApplicationFilterChain.doFilter(Ljakarta/servlet/ServletRequest;Ljakarta/servlet/ServletResponse;)V+99
j  org.springframework.web.filter.FormContentFilter.doFilterInternal(Ljakarta/servlet/http/HttpServletRequest;Ljakarta/servlet/http/HttpServletResponse;Ljakarta/servlet/FilterChain;)V+38
j  org.springframework.web.filter.OncePerRequestFilter.doFilter(Ljakarta/servlet/ServletRequest;Ljakarta/servlet/ServletResponse;Ljakarta/servlet/FilterChain;)V+150
j  org.apache.catalina.core.ApplicationFilterChain.internalDoFilter(Ljakarta/servlet/ServletRequest;Ljakarta/servlet/ServletResponse;)V+135
j  org.apache.catalina.core.ApplicationFilterChain.doFilter(Ljakarta/servlet/ServletRequest;Ljakarta/servlet/ServletResponse;)V+99
j  org.springframework.web.filter.CharacterEncodingFilter.doFilterInternal(Ljakarta/servlet/http/HttpServletRequest;Ljakarta/servlet/http/HttpServletResponse;Ljakarta/servlet/FilterChain;)V+53
j  org.springframework.web.filter.OncePerRequestFilter.doFilter(Ljakarta/servlet/ServletRequest;Ljakarta/servlet/ServletResponse;Ljakarta/servlet/FilterChain;)V+150
j  org.apache.catalina.core.ApplicationFilterChain.internalDoFilter(Ljakarta/servlet/ServletRequest;Ljakarta/servlet/ServletResponse;)V+135
j  org.apache.catalina.core.ApplicationFilterChain.doFilter(Ljakarta/servlet/ServletRequest;Ljakarta/servlet/ServletResponse;)V+99
j  org.apache.catalina.core.StandardWrapperValve.invoke(Lorg/apache/catalina/connector/Request;Lorg/apache/catalina/connector/Response;)V+514
j  org.apache.catalina.core.StandardContextValve.invoke(Lorg/apache/catalina/connector/Request;Lorg/apache/catalina/connector/Response;)V+169
j  org.apache.catalina.authenticator.AuthenticatorBase.invoke(Lorg/apache/catalina/connector/Request;Lorg/apache/catalina/connector/Response;)V+218
j  org.apache.catalina.core.StandardHostValve.invoke(Lorg/apache/catalina/connector/Request;Lorg/apache/catalina/connector/Response;)V+131
j  org.apache.catalina.valves.ErrorReportValve.invoke(Lorg/apache/catalina/connector/Request;Lorg/apache/catalina/connector/Response;)V+6
j  org.apache.catalina.core.StandardEngineValve.invoke(Lorg/apache/catalina/connector/Request;Lorg/apache/catalina/connector/Response;)V+59
j  org.apache.catalina.connector.CoyoteAdapter.service(Lorg/apache/coyote/Request;Lorg/apache/coyote/Response;)V+203
j  org.apache.coyote.http11.Http11Processor.service(Lorg/apache/tomcat/util/net/SocketWrapperBase;)Lorg/apache/tomcat/util/net/AbstractEndpoint$Handler$SocketState;+785
j  org.apache.coyote.AbstractProcessorLight.process(Lorg/apache/tomcat/util/net/SocketWrapperBase;Lorg/apache/tomcat/util/net/SocketEvent;)Lorg/apache/tomcat/util/net/AbstractEndpoint$Handler$SocketState;+152
j  org.apache.coyote.AbstractProtocol$ConnectionHandler.process(Lorg/apache/tomcat/util/net/SocketWrapperBase;Lorg/apache/tomcat/util/net/SocketEvent;)Lorg/apache/tomcat/util/net/AbstractEndpoint$Handler$SocketState;+482
j  org.apache.tomcat.util.net.NioEndpoint$SocketProcessor.doRun()V+249
j  org.apache.tomcat.util.net.SocketProcessorBase.run()V+32
j  org.apache.tomcat.util.threads.ThreadPoolExecutor.runWorker(Lorg/apache/tomcat/util/threads/ThreadPoolExecutor$Worker;)V+92
j  org.apache.tomcat.util.threads.ThreadPoolExecutor$Worker.run()V+5
j  org.apache.tomcat.util.threads.TaskThread$WrappingRunnable.run()V+4
j  java.lang.Thread.run()V+11 java.base@18
v  ~StubRoutines::call_stub

siginfo: EXCEPTION_UNCAUGHT_CXX_EXCEPTION (0xe06d7363), ExceptionInformation=0x0000000019930520 0x0000006100efc9e8 0x00007ffcec279260 0x00007ffcec240000 


Register to memory mapping:

RIP=0x00007ffd02accd29 KERNELBASE.dll
RAX=0x0 is NULL
RBX=0x00007ffcec279260 binary_to_csv_lib.dll
RCX=0x0 is NULL
RDX=0x0 is NULL
RSP=0x0000006100efc870 is pointing into the stack for thread: 0x000002325200a2e0
RBP=0x0000006100efc9b0 is pointing into the stack for thread: 0x000002325200a2e0
RSI=0x0 is NULL
RDI=0x0000006100efc9e8 is pointing into the stack for thread: 0x000002325200a2e0
R8 =0x0 is NULL
R9 =0x0 is NULL
R10=0x0 is NULL
R11=0x0 is NULL
R12=0x00007ffcec26e230 binary_to_csv_lib.dll
R13=0x00007ffcec26f670 binary_to_csv_lib.dll
R14=0x0000000000000001 is an unknown value
R15=0x00000232516eef40 points into unknown readable memory: 0x0000000000001a6d | 6d 1a 00 00 00 00 00 00


Registers:
RAX=0x0000000000000000, RBX=0x00007ffcec279260, RCX=0x0000000000000000, RDX=0x0000000000000000
RSP=0x0000006100efc870, RBP=0x0000006100efc9b0, RSI=0x0000000000000000, RDI=0x0000006100efc9e8
R8 =0x0000000000000000, R9 =0x0000000000000000, R10=0x0000000000000000, R11=0x0000000000000000
R12=0x00007ffcec26e230, R13=0x00007ffcec26f670, R14=0x0000000000000001, R15=0x00000232516eef40
RIP=0x00007ffd02accd29, EFLAGS=0x0000000000000202

Top of Stack: (sp=0x0000006100efc870)
0x0000006100efc870:   00007ffcec24de90 00007ffcec279260
0x0000006100efc880:   0000000000000000 0000000000000001
0x0000006100efc890:   00000001e06d7363 0000000000000000
0x0000006100efc8a0:   00007ffd02accd29 0000000000000004
0x0000006100efc8b0:   0000000019930520 0000006100efc9e8
0x0000006100efc8c0:   00007ffcec279260 00007ffcec240000
0x0000006100efc8d0:   00007ffcec26f670 00007ffcec26e230
0x0000006100efc8e0:   0000000000000000 0000006100efc9b0
0x0000006100efc8f0:   0000006100efc9c0 00007ffd053e4a5f
0x0000006100efc900:   0000006100efc9e8 0000006100000000
0x0000006100efc910:   0000006100efc9a0 00007ffcec2526f9
0x0000006100efc920:   00007ffcec27a000 00007ffcec240000
0x0000006100efc930:   000053133d5bcf2b 00007ffcec260000
0x0000006100efc940:   00007ffcec279260 00007ffcef36486d
0x0000006100efc950:   0000000000000082 0000006100efc968
0x0000006100efc960:   0000000000000003 00007ffcec26f5f0 

Instructions: (pc=0x00007ffd02accd29)
0x00007ffd02accc29:   07 00 48 8b 84 24 b8 00 00 00 48 8b 8c 24 b0 05
0x00007ffd02accc39:   00 00 48 33 cc e8 7d 0b 06 00 48 81 c4 c0 05 00
0x00007ffd02accc49:   00 41 5f 41 5e 41 5d 5e 5b c3 cc 48 ff 15 55 9b
0x00007ffd02accc59:   19 00 0f 1f 44 00 00 eb b0 cc cc cc cc cc cc cc
0x00007ffd02accc69:   cc cc cc cc cc cc cc 40 53 48 83 ec 30 48 8b d1
0x00007ffd02accc79:   48 8d 4c 24 20 e8 5d 23 00 00 85 c0 74 26 48 8b
0x00007ffd02accc89:   4c 24 28 e8 ef 38 00 00 48 8d 4c 24 20 8b d8 48
0x00007ffd02accc99:   ff 15 61 95 19 00 0f 1f 44 00 00 8b c3 48 83 c4
0x00007ffd02accca9:   30 5b c3 cc 83 c8 ff eb f4 cc cc cc cc cc cc cc
0x00007ffd02acccb9:   cc cc cc cc cc cc cc 48 81 ec d8 00 00 00 48 8b
0x00007ffd02acccc9:   05 a2 71 26 00 48 33 c4 48 89 84 24 c0 00 00 00
0x00007ffd02acccd9:   48 83 64 24 28 00 48 8d 05 da ff ff ff 83 e2 01
0x00007ffd02accce9:   89 4c 24 20 89 54 24 24 48 89 44 24 30 4d 85 c9
0x00007ffd02acccf9:   74 4c b8 0f 00 00 00 48 8d 4c 24 40 44 3b c0 49
0x00007ffd02accd09:   8b d1 44 0f 47 c0 44 89 44 24 38 49 c1 e0 03 e8
0x00007ffd02accd19:   fa bc 06 00 48 8d 4c 24 20 48 ff 15 a7 9c 19 00
0x00007ffd02accd29:   0f 1f 44 00 00 48 8b 8c 24 c0 00 00 00 48 33 cc
0x00007ffd02accd39:   e8 82 0a 06 00 48 81 c4 d8 00 00 00 c3 cc 83 64
0x00007ffd02accd49:   24 38 00 eb cf cc cc cc cc cc cc cc cc cc cc cc
0x00007ffd02accd59:   cc cc cc cc cc cc cc 65 48 8b 04 25 30 00 00 00
0x00007ffd02accd69:   8b 40 68 c3 cc cc cc cc cc cc cc cc cc cc cc cc
0x00007ffd02accd79:   cc cc cc cc cc cc cc 48 89 5c 24 10 48 89 74 24
0x00007ffd02accd89:   18 57 41 54 41 55 41 56 41 57 48 81 ec b0 02 00
0x00007ffd02accd99:   00 48 8b 05 cf 70 26 00 48 33 c4 48 89 84 24 a0
0x00007ffd02accda9:   02 00 00 48 8d 15 3f fc 19 00 48 85 c9 48 0f 45
0x00007ffd02accdb9:   d1 48 89 94 24 80 00 00 00 48 83 c8 ff 48 ff c0
0x00007ffd02accdc9:   80 3c 02 00 75 f7 48 ff c0 48 89 84 24 88 00 00
0x00007ffd02accdd9:   00 48 89 94 24 90 00 00 00 4c 8d 8c 24 88 00 00
0x00007ffd02accde9:   00 33 d2 b9 06 00 01 40 44 8d 42 02 e8 c6 fe ff
0x00007ffd02accdf9:   ff e9 f0 01 00 00 33 f6 48 89 74 24 60 45 33 ff
0x00007ffd02acce09:   4c 89 7c 24 48 45 33 f6 4c 89 74 24 58 33 ff 48
0x00007ffd02acce19:   89 7c 24 50 e8 3e ff ff ff 89 44 24 40 48 39 35 


Stack slot to memory mapping:
stack at sp + 0 slots: 0x00007ffcec24de90 binary_to_csv_lib.dll
stack at sp + 1 slots: 0x00007ffcec279260 binary_to_csv_lib.dll
stack at sp + 2 slots: 0x0 is NULL
stack at sp + 3 slots: 0x0000000000000001 is an unknown value
stack at sp + 4 slots: 0x00000001e06d7363 is an unknown value
stack at sp + 5 slots: 0x0 is NULL
stack at sp + 6 slots: 0x00007ffd02accd29 KERNELBASE.dll
stack at sp + 7 slots: 0x0000000000000004 is an unknown value


---------------  P R O C E S S  ---------------

Threads class SMR info:
_java_thread_list=0x000002325137c390, length=26, elements={
0x000002324cd244e0, 0x000002324cd25140, 0x000002324cd3e750, 0x000002324cd40170,
0x000002324cd40b10, 0x000002324cd414b0, 0x000002324cd43fa0, 0x000002324cd46b10,
0x00000232510bceb0, 0x00000232510c37b0, 0x0000023251f2b880, 0x0000023251f86880,
0x000002325200f600, 0x0000023252058830, 0x0000023251f29050, 0x0000023251f29510,
0x0000023251f299d0, 0x00000232520a7430, 0x0000023252009e10, 0x000002325200a7b0,
0x000002325200a2e0, 0x0000023252009940, 0x0000023252008fa0, 0x0000023252008130,
0x0000023252007c60, 0x000002325200ac80
}

Java Threads: ( => current thread )
  0x000002324cd244e0 JavaThread "Reference Handler" daemon [_thread_blocked, id=24372, stack(0x000000617ee00000,0x000000617ef00000)]
  0x000002324cd25140 JavaThread "Finalizer" daemon [_thread_blocked, id=21868, stack(0x000000617ef00000,0x000000617f000000)]
  0x000002324cd3e750 JavaThread "Signal Dispatcher" daemon [_thread_blocked, id=11640, stack(0x000000617f000000,0x000000617f100000)]
  0x000002324cd40170 JavaThread "Attach Listener" daemon [_thread_blocked, id=17308, stack(0x000000617f100000,0x000000617f200000)]
  0x000002324cd40b10 JavaThread "Service Thread" daemon [_thread_blocked, id=15484, stack(0x000000617f200000,0x000000617f300000)]
  0x000002324cd414b0 JavaThread "Monitor Deflation Thread" daemon [_thread_blocked, id=6864, stack(0x000000617f300000,0x000000617f400000)]
  0x000002324cd43fa0 JavaThread "C1 CompilerThread0" daemon [_thread_blocked, id=23376, stack(0x000000617f400000,0x000000617f500000)]
  0x000002324cd46b10 JavaThread "Sweeper thread" daemon [_thread_blocked, id=22048, stack(0x000000617f500000,0x000000617f600000)]
  0x00000232510bceb0 JavaThread "Notification Thread" daemon [_thread_blocked, id=22960, stack(0x000000617f800000,0x000000617f900000)]
  0x00000232510c37b0 JavaThread "Common-Cleaner" daemon [_thread_blocked, id=24416, stack(0x000000617fa00000,0x000000617fb00000)]
  0x0000023251f2b880 JavaThread "Catalina-utility-1" [_thread_blocked, id=23324, stack(0x0000006100400000,0x0000006100500000)]
  0x0000023251f86880 JavaThread "Catalina-utility-2" [_thread_blocked, id=23752, stack(0x0000006100500000,0x0000006100600000)]
  0x000002325200f600 JavaThread "container-0" [_thread_blocked, id=2032, stack(0x0000006100600000,0x0000006100700000)]
  0x0000023252058830 JavaThread "http-nio-8080-exec-1" daemon [_thread_blocked, id=10944, stack(0x0000006100700000,0x0000006100800000)]
  0x0000023251f29050 JavaThread "http-nio-8080-exec-2" daemon [_thread_blocked, id=10148, stack(0x0000006100800000,0x0000006100900000)]
  0x0000023251f29510 JavaThread "http-nio-8080-exec-3" daemon [_thread_blocked, id=8020, stack(0x0000006100900000,0x0000006100a00000)]
  0x0000023251f299d0 JavaThread "http-nio-8080-exec-4" daemon [_thread_blocked, id=1852, stack(0x0000006100a00000,0x0000006100b00000)]
  0x00000232520a7430 JavaThread "http-nio-8080-exec-5" daemon [_thread_blocked, id=2296, stack(0x0000006100b00000,0x0000006100c00000)]
  0x0000023252009e10 JavaThread "http-nio-8080-exec-6" daemon [_thread_blocked, id=22376, stack(0x0000006100c00000,0x0000006100d00000)]
  0x000002325200a7b0 JavaThread "http-nio-8080-exec-7" daemon [_thread_blocked, id=12100, stack(0x0000006100d00000,0x0000006100e00000)]
=>0x000002325200a2e0 JavaThread "http-nio-8080-exec-8" daemon [_thread_in_native, id=19824, stack(0x0000006100e00000,0x0000006100f00000)]
  0x0000023252009940 JavaThread "http-nio-8080-exec-9" daemon [_thread_blocked, id=3092, stack(0x0000006100f00000,0x0000006101000000)]
  0x0000023252008fa0 JavaThread "http-nio-8080-exec-10" daemon [_thread_blocked, id=14116, stack(0x0000006101000000,0x0000006101100000)]
  0x0000023252008130 JavaThread "http-nio-8080-Poller" daemon [_thread_in_native, id=20420, stack(0x0000006101100000,0x0000006101200000)]
  0x0000023252007c60 JavaThread "http-nio-8080-Acceptor" daemon [_thread_in_native, id=2268, stack(0x0000006101200000,0x0000006101300000)]
  0x000002325200ac80 JavaThread "DestroyJavaVM" [_thread_blocked, id=9916, stack(0x000000617e700000,0x000000617e800000)]

Other Threads:
  0x000002323abea070 VMThread "VM Thread" [stack: 0x000000617ed00000,0x000000617ee00000] [id=22332]
  0x00000232510bf380 WatcherThread "VM Periodic Task Thread" [stack: 0x000000617f900000,0x000000617fa00000] [id=21724]
  0x000002323abc1820 WorkerThread "GC Thread#0" [stack: 0x000000617e800000,0x000000617e900000] [id=22760]
  0x00000232518f6610 WorkerThread "GC Thread#1" [stack: 0x000000617fc00000,0x000000617fd00000] [id=12396]
  0x00000232518f68b0 WorkerThread "GC Thread#2" [stack: 0x000000617fd00000,0x000000617fe00000] [id=11268]
  0x000002325191c8b0 WorkerThread "GC Thread#3" [stack: 0x000000617fe00000,0x000000617ff00000] [id=23676]
  0x000002325191cb50 WorkerThread "GC Thread#4" [stack: 0x000000617ff00000,0x0000006180000000] [id=5644]
  0x000002325191cdf0 WorkerThread "GC Thread#5" [stack: 0x0000006100000000,0x0000006100100000] [id=24248]
  0x00000232519c2c90 WorkerThread "GC Thread#6" [stack: 0x0000006100100000,0x0000006100200000] [id=21464]
  0x0000023251b50870 WorkerThread "GC Thread#7" [stack: 0x0000006100200000,0x0000006100300000] [id=14772]
  0x000002323abd33e0 ConcurrentGCThread "G1 Main Marker" [stack: 0x000000617e900000,0x000000617ea00000] [id=8072]
  0x000002323abd4610 WorkerThread "G1 Conc#0" [stack: 0x000000617ea00000,0x000000617eb00000] [id=7596]
  0x000002325198ca80 WorkerThread "G1 Conc#1" [stack: 0x0000006100300000,0x0000006100400000] [id=21340]
  0x000002323ac25820 ConcurrentGCThread "G1 Refine#0" [stack: 0x000000617eb00000,0x000000617ec00000] [id=10404]
  0x000002323ac26130 ConcurrentGCThread "G1 Service" [stack: 0x000000617ec00000,0x000000617ed00000] [id=16160]

Threads with active compile tasks:

VM state: not at safepoint (normal execution)

VM Mutex/Monitor currently owned by a thread: None

Heap address: 0x0000000081c00000, size: 2020 MB, Compressed Oops mode: 32-bit

CDS archive(s) mapped at: [0x0000000800000000-0x0000000800b90000-0x0000000800b90000), size 12124160, SharedBaseAddress: 0x0000000800000000, ArchiveRelocationMode: 0.
Compressed class space mapped at: 0x0000000800c00000-0x0000000840c00000, reserved size: 1073741824
Narrow klass base: 0x0000000800000000, Narrow klass shift: 0, Narrow klass range: 0x100000000

GC Precious Log:
 CardTable entry size: 512
 Card Set container configuration: InlinePtr #cards 5 size 8 Array Of Cards #cards 12 size 40 Howl #buckets 4 coarsen threshold 1843 Howl Bitmap #cards 512 size 80 coarsen threshold 460 Card regions per heap region 1 cards per card region 2048
 CPUs: 8 total, 8 available
 Memory: 8075M
 Large Page Support: Disabled
 NUMA Support: Disabled
 Compressed Oops: Enabled (32-bit)
 Heap Region Size: 1M
 Heap Min Capacity: 8M
 Heap Initial Capacity: 128M
 Heap Max Capacity: 2020M
 Pre-touch: Disabled
 Parallel Workers: 8
 Concurrent Workers: 2
 Concurrent Refinement Workers: 8
 Periodic GC: Disabled

Heap:
 garbage-first heap   total 45056K, used 29246K [0x0000000081c00000, 0x0000000100000000)
  region size 1024K, 17 young (17408K), 1 survivors (1024K)
 Metaspace       used 26816K, committed 27392K, reserved 1114112K
  class space    used 3611K, committed 3904K, reserved 1048576K

Heap Regions: E=young(eden), S=young(survivor), O=old, HS=humongous(starts), HC=humongous(continues), CS=collection set, F=free, OA=open archive, CA=closed archive, TAMS=top-at-mark-start (previous, next)
|   0|0x0000000081c00000, 0x0000000081d00000, 0x0000000081d00000|100%| O|  |TAMS 0x0000000081d00000, 0x0000000081c00000| Untracked 
|   1|0x0000000081d00000, 0x0000000081e00000, 0x0000000081e00000|100%| O|  |TAMS 0x0000000081e00000, 0x0000000081d00000| Untracked 
|   2|0x0000000081e00000, 0x0000000081f00000, 0x0000000081f00000|100%| O|  |TAMS 0x0000000081f00000, 0x0000000081e00000| Untracked 
|   3|0x0000000081f00000, 0x0000000082000000, 0x0000000082000000|100%| O|  |TAMS 0x0000000082000000, 0x0000000081f00000| Untracked 
|   4|0x0000000082000000, 0x0000000082000000, 0x0000000082100000|  0%| F|  |TAMS 0x0000000082000000, 0x0000000082000000| Untracked 
|   5|0x0000000082100000, 0x0000000082200000, 0x0000000082200000|100%| O|  |TAMS 0x0000000082100000, 0x0000000082100000| Untracked 
|   6|0x0000000082200000, 0x0000000082300000, 0x0000000082300000|100%| O|  |TAMS 0x0000000082200000, 0x0000000082200000| Untracked 
|   7|0x0000000082300000, 0x0000000082400000, 0x0000000082400000|100%| O|  |TAMS 0x0000000082300000, 0x0000000082300000| Untracked 
|   8|0x0000000082400000, 0x0000000082500000, 0x0000000082500000|100%| O|  |TAMS 0x0000000082400000, 0x0000000082400000| Untracked 
|   9|0x0000000082500000, 0x0000000082600000, 0x0000000082600000|100%| O|  |TAMS 0x0000000082500000, 0x0000000082500000| Untracked 
|  10|0x0000000082600000, 0x0000000082700000, 0x0000000082700000|100%| O|  |TAMS 0x0000000082600000, 0x0000000082600000| Untracked 
|  11|0x0000000082700000, 0x0000000082800000, 0x0000000082800000|100%| O|  |TAMS 0x0000000082700000, 0x0000000082700000| Untracked 
|  12|0x0000000082800000, 0x0000000082900000, 0x0000000082900000|100%| O|  |TAMS 0x0000000082800000, 0x0000000082800000| Untracked 
|  13|0x0000000082900000, 0x0000000082a00000, 0x0000000082a00000|100%| O|  |TAMS 0x0000000082900000, 0x0000000082900000| Untracked 
|  14|0x0000000082a00000, 0x0000000082a00000, 0x0000000082b00000|  0%| F|  |TAMS 0x0000000082a00000, 0x0000000082a00000| Untracked 
|  15|0x0000000082b00000, 0x0000000082b00000, 0x0000000082c00000|  0%| F|  |TAMS 0x0000000082b00000, 0x0000000082b00000| Untracked 
|  16|0x0000000082c00000, 0x0000000082c00000, 0x0000000082d00000|  0%| F|  |TAMS 0x0000000082c00000, 0x0000000082c00000| Untracked 
|  17|0x0000000082d00000, 0x0000000082d00000, 0x0000000082e00000|  0%| F|  |TAMS 0x0000000082d00000, 0x0000000082d00000| Untracked 
|  18|0x0000000082e00000, 0x0000000082e00000, 0x0000000082f00000|  0%| F|  |TAMS 0x0000000082e00000, 0x0000000082e00000| Untracked 
|  19|0x0000000082f00000, 0x0000000082f00000, 0x0000000083000000|  0%| F|  |TAMS 0x0000000082f00000, 0x0000000082f00000| Untracked 
|  20|0x0000000083000000, 0x0000000083000000, 0x0000000083100000|  0%| F|  |TAMS 0x0000000083000000, 0x0000000083000000| Untracked 
|  21|0x0000000083100000, 0x0000000083100000, 0x0000000083200000|  0%| F|  |TAMS 0x0000000083100000, 0x0000000083100000| Untracked 
|  22|0x0000000083200000, 0x0000000083200000, 0x0000000083300000|  0%| F|  |TAMS 0x0000000083200000, 0x0000000083200000| Untracked 
|  23|0x0000000083300000, 0x0000000083300000, 0x0000000083400000|  0%| F|  |TAMS 0x0000000083300000, 0x0000000083300000| Untracked 
|  24|0x0000000083400000, 0x0000000083400000, 0x0000000083500000|  0%| F|  |TAMS 0x0000000083400000, 0x0000000083400000| Untracked 
|  25|0x0000000083500000, 0x0000000083500000, 0x0000000083600000|  0%| F|  |TAMS 0x0000000083500000, 0x0000000083500000| Untracked 
|  26|0x0000000083600000, 0x0000000083600000, 0x0000000083700000|  0%| F|  |TAMS 0x0000000083600000, 0x0000000083600000| Untracked 
|  27|0x0000000083700000, 0x0000000083775b00, 0x0000000083800000| 45%| E|  |TAMS 0x0000000083700000, 0x0000000083700000| Complete 
|  28|0x0000000083800000, 0x0000000083900000, 0x0000000083900000|100%| E|CS|TAMS 0x0000000083800000, 0x0000000083800000| Complete 
|  29|0x0000000083900000, 0x0000000083a00000, 0x0000000083a00000|100%| E|CS|TAMS 0x0000000083900000, 0x0000000083900000| Complete 
|  30|0x0000000083a00000, 0x0000000083b00000, 0x0000000083b00000|100%| E|CS|TAMS 0x0000000083a00000, 0x0000000083a00000| Complete 
|  31|0x0000000083b00000, 0x0000000083c00000, 0x0000000083c00000|100%| E|CS|TAMS 0x0000000083b00000, 0x0000000083b00000| Complete 
|  32|0x0000000083c00000, 0x0000000083d00000, 0x0000000083d00000|100%| E|CS|TAMS 0x0000000083c00000, 0x0000000083c00000| Complete 
|  33|0x0000000083d00000, 0x0000000083e00000, 0x0000000083e00000|100%| E|CS|TAMS 0x0000000083d00000, 0x0000000083d00000| Complete 
|  34|0x0000000083e00000, 0x0000000083f00000, 0x0000000083f00000|100%| E|CS|TAMS 0x0000000083e00000, 0x0000000083e00000| Complete 
|  35|0x0000000083f00000, 0x0000000084000000, 0x0000000084000000|100%| E|CS|TAMS 0x0000000083f00000, 0x0000000083f00000| Complete 
|  75|0x0000000086700000, 0x0000000086800000, 0x0000000086800000|100%| E|CS|TAMS 0x0000000086700000, 0x0000000086700000| Complete 
|  76|0x0000000086800000, 0x0000000086900000, 0x0000000086900000|100%| E|CS|TAMS 0x0000000086800000, 0x0000000086800000| Complete 
|  77|0x0000000086900000, 0x0000000086a00000, 0x0000000086a00000|100%| E|CS|TAMS 0x0000000086900000, 0x0000000086900000| Complete 
|  78|0x0000000086a00000, 0x0000000086b00000, 0x0000000086b00000|100%| E|CS|TAMS 0x0000000086a00000, 0x0000000086a00000| Complete 
|  79|0x0000000086b00000, 0x0000000086c00000, 0x0000000086c00000|100%| E|CS|TAMS 0x0000000086b00000, 0x0000000086b00000| Complete 
|  80|0x0000000086c00000, 0x0000000086d00000, 0x0000000086d00000|100%| E|CS|TAMS 0x0000000086c00000, 0x0000000086c00000| Complete 
|  81|0x0000000086d00000, 0x0000000086d8fa80, 0x0000000086e00000| 56%| S|CS|TAMS 0x0000000086d00000, 0x0000000086d00000| Complete 
| 127|0x0000000089b00000, 0x0000000089c00000, 0x0000000089c00000|100%| E|CS|TAMS 0x0000000089b00000, 0x0000000089b00000| Complete 

Card table byte_map: [0x0000023245c30000,0x0000023246030000] _byte_map_base: 0x0000023245822000

Marking Bits (Prev, Next): (CMBitMap*) 0x000002323abc2e70, (CMBitMap*) 0x000002323abc2e30
 Prev Bits: [0x00000232483c0000, 0x000002324a350000)
 Next Bits: [0x0000023246430000, 0x00000232483c0000)

Polling page: 0x0000023238a90000

Metaspace:

Usage:
  Non-class:     22.66 MB used.
      Class:      3.53 MB used.
       Both:     26.19 MB used.

Virtual space:
  Non-class space:       64.00 MB reserved,      22.94 MB ( 36%) committed,  1 nodes.
      Class space:        1.00 GB reserved,       3.81 MB ( <1%) committed,  1 nodes.
             Both:        1.06 GB reserved,      26.75 MB (  2%) committed. 

Chunk freelists:
   Non-Class:  176.00 KB
       Class:  48.00 KB
        Both:  224.00 KB

MaxMetaspaceSize: unlimited
CompressedClassSpaceSize: 1.00 GB
Initial GC threshold: 21.00 MB
Current GC threshold: 35.25 MB
CDS: on
MetaspaceReclaimPolicy: balanced
 - commit_granule_bytes: 65536.
 - commit_granule_words: 8192.
 - virtual_space_node_default_size: 8388608.
 - enlarge_chunks_in_place: 1.
 - new_chunks_are_fully_committed: 0.
 - uncommit_free_chunks: 1.
 - use_allocation_guard: 0.


Internal statistics:

num_allocs_failed_limit: 3.
num_arena_births: 712.
num_arena_deaths: 0.
num_vsnodes_births: 2.
num_vsnodes_deaths: 0.
num_space_committed: 428.
num_space_uncommitted: 0.
num_chunks_returned_to_freelist: 3.
num_chunks_taken_from_freelist: 1714.
num_chunk_merges: 0.
num_chunk_splits: 1172.
num_chunks_enlarged: 863.
num_inconsistent_stats: 0.

CodeCache: size=49152Kb used=6917Kb max_used=8189Kb free=42234Kb
 bounds [0x0000023242720000, 0x0000023242f20000, 0x0000023245720000]
 total_blobs=4271 nmethods=3759 adapters=439
 compilation: enabled
              stopped_count=0, restarted_count=0
 full_count=0

Compilation events (20 events):
Event: 177.245 Thread 0x000002324cd43fa0 3750   !   1       sun.nio.ch.NativeThreadSet::add (155 bytes)
Event: 177.245 Thread 0x000002324cd43fa0 nmethod 3750 0x0000023242aa4710 code [0x0000023242aa48c0, 0x0000023242aa4d08]
Event: 177.251 Thread 0x000002324cd43fa0 3751   !   1       sun.nio.ch.NativeThreadSet::remove (50 bytes)
Event: 177.251 Thread 0x000002324cd43fa0 nmethod 3751 0x0000023242aa4210 code [0x0000023242aa43c0, 0x0000023242aa45c8]
Event: 177.251 Thread 0x000002324cd43fa0 3752       1       sun.nio.ch.FileChannelImpl::endBlocking (13 bytes)
Event: 177.251 Thread 0x000002324cd43fa0 nmethod 3752 0x0000023242aa3f10 code [0x0000023242aa40a0, 0x0000023242aa4188]
Event: 177.283 Thread 0x000002324cd43fa0 3753       1       java.io.FileDescriptor$1::getHandle (5 bytes)
Event: 177.283 Thread 0x000002324cd43fa0 nmethod 3753 0x0000023242aa3c10 code [0x0000023242aa3da0, 0x0000023242aa3e78]
Event: 182.354 Thread 0x000002324cd43fa0 3754       1       java.util.concurrent.locks.AbstractQueuedSynchronizer::acquire (20 bytes)
Event: 182.354 Thread 0x000002324cd43fa0 nmethod 3754 0x0000023242aa3810 code [0x0000023242aa39c0, 0x0000023242aa3b18]
Event: 183.804 Thread 0x000002324cd43fa0 3755       1       org.springframework.core.ResolvableType::forMethodParameter (40 bytes)
Event: 183.804 Thread 0x000002324cd43fa0 nmethod 3755 0x0000023242aa3090 code [0x0000023242aa3280, 0x0000023242aa35c8]
Event: 183.804 Thread 0x000002324cd43fa0 3756       1       org.springframework.util.Assert::isInstanceOf (8 bytes)
Event: 183.805 Thread 0x000002324cd43fa0 nmethod 3756 0x0000023242aa2c10 code [0x0000023242aa2dc0, 0x0000023242aa2f58]
Event: 183.805 Thread 0x000002324cd43fa0 3758       1       java.nio.HeapByteBuffer::put (16 bytes)
Event: 183.805 Thread 0x000002324cd43fa0 nmethod 3758 0x0000023242aa2790 code [0x0000023242aa2940, 0x0000023242aa2b08]
Event: 183.805 Thread 0x000002324cd43fa0 3759       1       java.nio.Buffer::nextPutIndex (30 bytes)
Event: 183.805 Thread 0x000002324cd43fa0 nmethod 3759 0x0000023242aa2390 code [0x0000023242aa2520, 0x0000023242aa26a8]
Event: 183.805 Thread 0x000002324cd43fa0 3757       1       org.apache.tomcat.util.buf.MessageBytes::getByteChunk (5 bytes)
Event: 183.805 Thread 0x000002324cd43fa0 nmethod 3757 0x0000023242aa2090 code [0x0000023242aa2220, 0x0000023242aa22f8]

GC Heap History (10 events):
Event: 0.679 GC heap before
{Heap before GC invocations=0 (full 0):
 garbage-first heap   total 131072K, used 22528K [0x0000000081c00000, 0x0000000100000000)
  region size 1024K, 23 young (23552K), 0 survivors (0K)
 Metaspace       used 5912K, committed 6208K, reserved 1114112K
  class space    used 805K, committed 960K, reserved 1048576K
}
Event: 0.686 GC heap after
{Heap after GC invocations=1 (full 0):
 garbage-first heap   total 131072K, used 4486K [0x0000000081c00000, 0x0000000100000000)
  region size 1024K, 3 young (3072K), 3 survivors (3072K)
 Metaspace       used 5912K, committed 6208K, reserved 1114112K
  class space    used 805K, committed 960K, reserved 1048576K
}
Event: 1.073 GC heap before
{Heap before GC invocations=1 (full 0):
 garbage-first heap   total 131072K, used 34182K [0x0000000081c00000, 0x0000000100000000)
  region size 1024K, 33 young (33792K), 3 survivors (3072K)
 Metaspace       used 13213K, committed 13440K, reserved 1114112K
  class space    used 1748K, committed 1856K, reserved 1048576K
}
Event: 1.079 GC heap after
{Heap after GC invocations=2 (full 0):
 garbage-first heap   total 131072K, used 6778K [0x0000000081c00000, 0x0000000100000000)
  region size 1024K, 3 young (3072K), 3 survivors (3072K)
 Metaspace       used 13213K, committed 13440K, reserved 1114112K
  class space    used 1748K, committed 1856K, reserved 1048576K
}
Event: 2.070 GC heap before
{Heap before GC invocations=2 (full 0):
 garbage-first heap   total 131072K, used 48762K [0x0000000081c00000, 0x0000000100000000)
  region size 1024K, 46 young (47104K), 3 survivors (3072K)
 Metaspace       used 21109K, committed 21504K, reserved 1114112K
  class space    used 2816K, committed 3008K, reserved 1048576K
}
Event: 2.078 GC heap after
{Heap after GC invocations=3 (full 0):
 garbage-first heap   total 131072K, used 11179K [0x0000000081c00000, 0x0000000100000000)
  region size 1024K, 7 young (7168K), 7 survivors (7168K)
 Metaspace       used 21109K, committed 21504K, reserved 1114112K
  class space    used 2816K, committed 3008K, reserved 1048576K
}
Event: 2.443 GC heap before
{Heap before GC invocations=4 (full 0):
 garbage-first heap   total 45056K, used 30635K [0x0000000081c00000, 0x0000000100000000)
  region size 1024K, 26 young (26624K), 7 survivors (7168K)
 Metaspace       used 24129K, committed 24640K, reserved 1114112K
  class space    used 3258K, committed 3520K, reserved 1048576K
}
Event: 2.449 GC heap after
{Heap after GC invocations=5 (full 0):
 garbage-first heap   total 45056K, used 13514K [0x0000000081c00000, 0x0000000100000000)
  region size 1024K, 3 young (3072K), 3 survivors (3072K)
 Metaspace       used 24129K, committed 24640K, reserved 1114112K
  class space    used 3258K, committed 3520K, reserved 1048576K
}
Event: 2.472 GC heap before
{Heap before GC invocations=5 (full 0):
 garbage-first heap   total 45056K, used 14538K [0x0000000081c00000, 0x0000000100000000)
  region size 1024K, 4 young (4096K), 3 survivors (3072K)
 Metaspace       used 24336K, committed 24832K, reserved 1114112K
  class space    used 3287K, committed 3520K, reserved 1048576K
}
Event: 2.475 GC heap after
{Heap after GC invocations=6 (full 0):
 garbage-first heap   total 45056K, used 13886K [0x0000000081c00000, 0x0000000100000000)
  region size 1024K, 1 young (1024K), 1 survivors (1024K)
 Metaspace       used 24336K, committed 24832K, reserved 1114112K
  class space    used 3287K, committed 3520K, reserved 1048576K
}

Deoptimization events (12 events):
Event: 0.359 Thread 0x000002323ab616b0 DEOPT PACKING pc=0x0000023242a415f5 sp=0x000000617e7fd110
Event: 0.359 Thread 0x000002323ab616b0 DEOPT UNPACKING pc=0x0000023242772b43 sp=0x000000617e7fc580 mode 3
Event: 0.891 Thread 0x000002323ab616b0 DEOPT PACKING pc=0x0000023242c26219 sp=0x000000617e7fd340
Event: 0.891 Thread 0x000002323ab616b0 DEOPT UNPACKING pc=0x0000023242772b43 sp=0x000000617e7fc820 mode 3
Event: 1.549 Thread 0x000002323ab616b0 DEOPT PACKING pc=0x0000023242dd8975 sp=0x000000617e7fc890
Event: 1.549 Thread 0x000002323ab616b0 DEOPT UNPACKING pc=0x0000023242772b43 sp=0x000000617e7fbd00 mode 3
Event: 2.145 Thread 0x000002323ab616b0 DEOPT PACKING pc=0x0000023242e7069d sp=0x000000617e7fc6b0
Event: 2.145 Thread 0x000002323ab616b0 DEOPT UNPACKING pc=0x0000023242772b43 sp=0x000000617e7fbc18 mode 3
Event: 2.174 Thread 0x0000023251f2b880 DEOPT PACKING pc=0x0000023242c34497 sp=0x00000061004ff040
Event: 2.174 Thread 0x0000023251f2b880 DEOPT UNPACKING pc=0x0000023242772b43 sp=0x00000061004fe498 mode 3
Event: 2.174 Thread 0x0000023251f86880 DEOPT PACKING pc=0x0000023242c41e81 sp=0x00000061005fec50
Event: 2.174 Thread 0x0000023251f86880 DEOPT UNPACKING pc=0x0000023242772b43 sp=0x00000061005fe0e8 mode 3

Classes loaded (20 events):
Event: 12.914 Loading class sun/nio/ch/Util$4
Event: 12.914 Loading class sun/nio/ch/Util$4 done
Event: 12.914 Loading class jdk/internal/access/foreign/MemorySegmentProxy
Event: 12.914 Loading class jdk/internal/access/foreign/MemorySegmentProxy done
Event: 23.439 Loading class java/time/format/DateTimeFormatterBuilder$ZoneTextPrinterParser
Event: 23.440 Loading class java/time/format/DateTimeFormatterBuilder$ZoneTextPrinterParser done
Event: 23.440 Loading class java/time/format/DateTimeFormatterBuilder$ReducedPrinterParser
Event: 23.440 Loading class java/time/format/DateTimeFormatterBuilder$ReducedPrinterParser done
Event: 23.452 Loading class java/util/OptionalLong
Event: 23.453 Loading class java/util/OptionalLong done
Event: 23.453 Loading class java/util/OptionalDouble
Event: 23.453 Loading class java/util/OptionalDouble done
Event: 23.454 Loading class java/util/stream/LongStream
Event: 23.455 Loading class java/util/stream/LongStream done
Event: 23.455 Loading class java/util/stream/DoubleStream
Event: 23.456 Loading class java/util/stream/DoubleStream done
Event: 46.989 Loading class java/util/AbstractMap$SimpleEntry
Event: 46.990 Loading class java/util/AbstractMap$SimpleEntry done
Event: 183.809 Loading class sun/net/ConnectionResetException
Event: 183.809 Loading class sun/net/ConnectionResetException done

Classes unloaded (0 events):
No events

Classes redefined (0 events):
No events

Internal exceptions (20 events):
Event: 2.152 Thread 0x000002323ab616b0 Exception <a 'java/lang/NoSuchMethodError'{0x0000000083d68688}: 'long java.lang.invoke.DirectMethodHandle$Holder.invokeVirtual(java.lang.Object, java.lang.Object)'> (0x0000000083d68688) 
thrown [c:\wsjdk\corretto18src\installers\windows\zip\corretto-build\buildroot\src\hotspot\share\interpreter\linkResolver.cpp, line 766]
Event: 2.182 Thread 0x000002323ab616b0 Exception <a 'java/lang/NoSuchMethodError'{0x0000000083c49090}: 'void java.lang.invoke.Invokers$Holder.invokeExact_MT(java.lang.Object, java.lang.Object, java.lang.Object, java.lang.Object)'> (0x0000000083c49090) 
thrown [c:\wsjdk\corretto18src\installers\windows\zip\corretto-build\buildroot\src\hotspot\share\interpreter\linkResolver.cpp, line 766]
Event: 2.230 Thread 0x000002323ab616b0 Exception <a 'java/lang/NoSuchMethodError'{0x0000000083902648}: 'java.lang.Object java.lang.invoke.DirectMethodHandle$Holder.newInvokeSpecial(java.lang.Object, java.lang.Object, java.lang.Object, java.lang.Object, java.lang.Object, java.lang.Object, java.lang.Object, java.lang.Object)'> (0x0000000083902648) 
thrown [c:\wsjdk\corretto18src\installers\windows\zip\corretto-build\buildroot\src\hotspot\share\interpreter\linkResolver.cpp, line 766]
Event: 2.307 Thread 0x000002323ab616b0 Exception <a 'java/lang/NoSuchMethodError'{0x0000000083590070}: 'void java.lang.invoke.DirectMethodHandle$Holder.invokeVirtual(java.lang.Object, java.lang.Object, long)'> (0x0000000083590070) 
thrown [c:\wsjdk\corretto18src\installers\windows\zip\corretto-build\buildroot\src\hotspot\share\interpreter\linkResolver.cpp, line 766]
Event: 2.407 Thread 0x000002323ab616b0 Exception <a 'java/lang/IncompatibleClassChangeError'{0x00000000830b55c8}: Found class java.lang.Object, but interface was expected> (0x00000000830b55c8) 
thrown [c:\wsjdk\corretto18src\installers\windows\zip\corretto-build\buildroot\src\hotspot\share\interpreter\linkResolver.cpp, line 833]
Event: 2.428 Thread 0x000002323ab616b0 Exception <a 'java/lang/NoSuchMethodError'{0x0000000082feb108}: 'int java.lang.invoke.DirectMethodHandle$Holder.invokeStaticInit(java.lang.Object, java.lang.Object, java.lang.Object, java.lang.Object)'> (0x0000000082feb108) 
thrown [c:\wsjdk\corretto18src\installers\windows\zip\corretto-build\buildroot\src\hotspot\share\interpreter\linkResolver.cpp, line 766]
Event: 2.490 Thread 0x000002323ab616b0 Exception <a 'java/lang/NoSuchMethodError'{0x0000000086c16b58}: 'java.lang.Object java.lang.invoke.DirectMethodHandle$Holder.newInvokeSpecial(java.lang.Object, java.lang.Object, int, java.lang.Object, java.lang.Object)'> (0x0000000086c16b58) 
thrown [c:\wsjdk\corretto18src\installers\windows\zip\corretto-build\buildroot\src\hotspot\share\interpreter\linkResolver.cpp, line 766]
Event: 2.490 Thread 0x000002323ab616b0 Exception <a 'java/lang/NoSuchMethodError'{0x0000000086c22200}: 'java.lang.Object java.lang.invoke.DirectMethodHandle$Holder.invokeSpecial(java.lang.Object, java.lang.Object, int, java.lang.Object, int, java.lang.Object)'> (0x0000000086c22200) 
thrown [c:\wsjdk\corretto18src\installers\windows\zip\corretto-build\buildroot\src\hotspot\share\interpreter\linkResolver.cpp, line 766]
Event: 2.491 Thread 0x000002323ab616b0 Exception <a 'java/lang/NoSuchMethodError'{0x0000000086c2a060}: 'java.lang.Object java.lang.invoke.DirectMethodHandle$Holder.newInvokeSpecial(java.lang.Object, java.lang.Object, int, java.lang.Object, int)'> (0x0000000086c2a060) 
thrown [c:\wsjdk\corretto18src\installers\windows\zip\corretto-build\buildroot\src\hotspot\share\interpreter\linkResolver.cpp, line 766]
Event: 2.491 Thread 0x000002323ab616b0 Exception <a 'java/lang/NoSuchMethodError'{0x0000000086c2e168}: 'java.lang.Object java.lang.invoke.DirectMethodHandle$Holder.invokeSpecial(java.lang.Object, java.lang.Object, java.lang.Object, int, java.lang.Object, int)'> (0x0000000086c2e168) 
thrown [c:\wsjdk\corretto18src\installers\windows\zip\corretto-build\buildroot\src\hotspot\share\interpreter\linkResolver.cpp, line 766]
Event: 2.533 Thread 0x000002323ab616b0 Exception <a 'sun/nio/fs/WindowsException'{0x0000000086a01968}> (0x0000000086a01968) 
thrown [c:\wsjdk\corretto18src\installers\windows\zip\corretto-build\buildroot\src\hotspot\share\prims\jni.cpp, line 516]
Event: 11.379 Thread 0x0000023252058830 Exception <a 'java/lang/NoSuchMethodError'{0x0000000086992e10}: 'java.lang.Object java.lang.invoke.DirectMethodHandle$Holder.invokeSpecial(java.lang.Object, java.lang.Object, java.lang.Object, java.lang.Object, java.lang.Object, long)'> (0x0000000086992e10) 
thrown [c:\wsjdk\corretto18src\installers\windows\zip\corretto-build\buildroot\src\hotspot\share\interpreter\linkResolver.cpp, line 766]
Event: 11.379 Thread 0x0000023252058830 Exception <a 'java/lang/NoSuchMethodError'{0x0000000086996858}: 'java.lang.Object java.lang.invoke.Invokers$Holder.linkToTargetMethod(java.lang.Object, java.lang.Object, java.lang.Object, long, java.lang.Object)'> (0x0000000086996858) 
thrown [c:\wsjdk\corretto18src\installers\windows\zip\corretto-build\buildroot\src\hotspot\share\interpreter\linkResolver.cpp, line 766]
Event: 12.910 Thread 0x0000023252058830 Exception <a 'sun/nio/fs/WindowsException'{0x0000000083d55cd8}> (0x0000000083d55cd8) 
thrown [c:\wsjdk\corretto18src\installers\windows\zip\corretto-build\buildroot\src\hotspot\share\prims\jni.cpp, line 516]
Event: 12.915 Thread 0x0000023252058830 Exception <a 'java/lang/NoSuchMethodError'{0x0000000083d5e908}: 'long java.lang.invoke.DirectMethodHandle$Holder.invokeStatic(java.lang.Object, java.lang.Object, int)'> (0x0000000083d5e908) 
thrown [c:\wsjdk\corretto18src\installers\windows\zip\corretto-build\buildroot\src\hotspot\share\interpreter\linkResolver.cpp, line 766]
Event: 12.918 Thread 0x0000023252058830 Exception <a 'java/lang/NoSuchMethodError'{0x0000000083d6d288}: 'java.lang.Object java.lang.invoke.DelegatingMethodHandle$Holder.reinvoke_L(java.lang.Object, int, long, java.lang.Object, java.lang.Object, int, java.lang.Object)'> (0x0000000083d6d288) 
thrown [c:\wsjdk\corretto18src\installers\windows\zip\corretto-build\buildroot\src\hotspot\share\interpreter\linkResolver.cpp, line 766]
Event: 36.770 Thread 0x0000023251f29510 Exception <a 'sun/nio/fs/WindowsException'{0x0000000083b67080}> (0x0000000083b67080) 
thrown [c:\wsjdk\corretto18src\installers\windows\zip\corretto-build\buildroot\src\hotspot\share\prims\jni.cpp, line 516]
Event: 142.860 Thread 0x00000232520a7430 Exception <a 'sun/nio/fs/WindowsException'{0x0000000083ab3f90}> (0x0000000083ab3f90) 
thrown [c:\wsjdk\corretto18src\installers\windows\zip\corretto-build\buildroot\src\hotspot\share\prims\jni.cpp, line 516]
Event: 160.435 Thread 0x000002325200a7b0 Exception <a 'sun/nio/fs/WindowsException'{0x00000000838460b8}> (0x00000000838460b8) 
thrown [c:\wsjdk\corretto18src\installers\windows\zip\corretto-build\buildroot\src\hotspot\share\prims\jni.cpp, line 516]
Event: 183.809 Thread 0x000002325200a7b0 Exception <a 'java/io/IOException'{0x000000008384d780}> (0x000000008384d780) 
thrown [c:\wsjdk\corretto18src\installers\windows\zip\corretto-build\buildroot\src\hotspot\share\prims\jni.cpp, line 516]

VM Operations (20 events):
Event: 26.468 Executing VM operation: Cleanup
Event: 26.468 Executing VM operation: Cleanup done
Event: 34.564 Executing VM operation: Cleanup
Event: 34.564 Executing VM operation: Cleanup done
Event: 37.592 Executing VM operation: Cleanup
Event: 37.592 Executing VM operation: Cleanup done
Event: 47.685 Executing VM operation: Cleanup
Event: 47.685 Executing VM operation: Cleanup done
Event: 109.262 Executing VM operation: Cleanup
Event: 109.262 Executing VM operation: Cleanup done
Event: 141.563 Executing VM operation: Cleanup
Event: 141.563 Executing VM operation: Cleanup done
Event: 143.572 Executing VM operation: Cleanup
Event: 143.572 Executing VM operation: Cleanup done
Event: 155.683 Executing VM operation: Cleanup
Event: 155.683 Executing VM operation: Cleanup done
Event: 158.713 Executing VM operation: Cleanup
Event: 158.713 Executing VM operation: Cleanup done
Event: 182.882 Executing VM operation: Cleanup
Event: 182.882 Executing VM operation: Cleanup done

Events (20 events):
Event: 2.505 Thread 0x00000232520a7430 Thread added: 0x00000232520a7430
Event: 2.505 Thread 0x0000023252009e10 Thread added: 0x0000023252009e10
Event: 2.505 Thread 0x000002325200a7b0 Thread added: 0x000002325200a7b0
Event: 2.505 Thread 0x000002325200a2e0 Thread added: 0x000002325200a2e0
Event: 2.505 Thread 0x0000023252009940 Thread added: 0x0000023252009940
Event: 2.505 Thread 0x0000023252008fa0 Thread added: 0x0000023252008fa0
Event: 2.516 Thread 0x0000023252008130 Thread added: 0x0000023252008130
Event: 2.517 Thread 0x0000023252007c60 Thread added: 0x0000023252007c60
Event: 2.592 Thread 0x000002323ab616b0 Thread exited: 0x000002323ab616b0
Event: 2.592 Thread 0x000002325200ac80 Thread added: 0x000002325200ac80
Event: 7.601 Thread 0x00000232517e3940 Thread exited: 0x00000232517e3940
Event: 11.347 Thread 0x000002325106d0a0 Thread exited: 0x000002325106d0a0
Event: 11.347 Thread 0x00000232510705a0 Thread exited: 0x00000232510705a0
Event: 11.497 Thread 0x00000232510705a0 Thread added: 0x00000232510705a0
Event: 12.889 Thread 0x00000232510705a0 Thread exited: 0x00000232510705a0
Event: 13.273 Loaded shared library C:\Users\travi\Better-Data-Viewer\API\src\main\java\backend\API\binary_csv\binary_to_csv_lib.dll
Event: 35.887 Thread 0x00000232513d2050 Thread added: 0x00000232513d2050
Event: 35.887 Thread 0x00000232510198f0 Thread added: 0x00000232510198f0
Event: 36.770 Thread 0x00000232510198f0 Thread exited: 0x00000232510198f0
Event: 36.770 Thread 0x00000232513d2050 Thread exited: 0x00000232513d2050


Dynamic libraries:
0x00007ff62f430000 - 0x00007ff62f43d000 	C:\Program Files\Amazon Corretto\jdk18.0.0_37\bin\java.exe
0x00007ffd053b0000 - 0x00007ffd055a8000 	C:\WINDOWS\SYSTEM32\ntdll.dll
0x00007ffd04bf0000 - 0x00007ffd04caf000 	C:\WINDOWS\System32\KERNEL32.DLL
0x00007ffd02aa0000 - 0x00007ffd02d72000 	C:\WINDOWS\System32\KERNELBASE.dll
0x00007ffd02d80000 - 0x00007ffd02e80000 	C:\WINDOWS\System32\ucrtbase.dll
0x00007ffcef360000 - 0x00007ffcef375000 	C:\Program Files\Amazon Corretto\jdk18.0.0_37\bin\VCRUNTIME140.dll
0x00007ffcfd420000 - 0x00007ffcfd437000 	C:\Program Files\Amazon Corretto\jdk18.0.0_37\bin\jli.dll
0x00007ffd04230000 - 0x00007ffd043d1000 	C:\WINDOWS\System32\USER32.dll
0x00007ffcefee0000 - 0x00007ffcf017a000 	C:\WINDOWS\WinSxS\amd64_microsoft.windows.common-controls_6595b64144ccf1df_6.0.19041.1110_none_60b5254171f9507e\COMCTL32.dll
0x00007ffd03210000 - 0x00007ffd03232000 	C:\WINDOWS\System32\win32u.dll
0x00007ffd03c40000 - 0x00007ffd03cde000 	C:\WINDOWS\System32\msvcrt.dll
0x00007ffd041a0000 - 0x00007ffd041cb000 	C:\WINDOWS\System32\GDI32.dll
0x00007ffd03270000 - 0x00007ffd0337f000 	C:\WINDOWS\System32\gdi32full.dll
0x00007ffd02e80000 - 0x00007ffd02f1d000 	C:\WINDOWS\System32\msvcp_win.dll
0x00007ffd04d30000 - 0x00007ffd04d62000 	C:\WINDOWS\System32\IMM32.DLL
0x00007ffce5680000 - 0x00007ffce571b000 	C:\Program Files\Amazon Corretto\jdk18.0.0_37\bin\msvcp140.dll
0x00007ffc87f90000 - 0x00007ffc88c09000 	C:\Program Files\Amazon Corretto\jdk18.0.0_37\bin\server\jvm.dll
0x00007ffd03fc0000 - 0x00007ffd0406e000 	C:\WINDOWS\System32\ADVAPI32.dll
0x00007ffd04e40000 - 0x00007ffd04edc000 	C:\WINDOWS\System32\sechost.dll
0x00007ffd04070000 - 0x00007ffd04195000 	C:\WINDOWS\System32\RPCRT4.dll
0x00007ffd03e00000 - 0x00007ffd03e08000 	C:\WINDOWS\System32\PSAPI.DLL
0x00007ffcde880000 - 0x00007ffcde8a7000 	C:\WINDOWS\SYSTEM32\WINMM.dll
0x00007ffcef160000 - 0x00007ffcef169000 	C:\WINDOWS\SYSTEM32\WSOCK32.dll
0x00007ffd01820000 - 0x00007ffd0182a000 	C:\WINDOWS\SYSTEM32\VERSION.dll
0x00007ffd03d90000 - 0x00007ffd03dfb000 	C:\WINDOWS\System32\WS2_32.dll
0x00007ffd017e0000 - 0x00007ffd017f2000 	C:\WINDOWS\SYSTEM32\kernel.appcore.dll
0x00007ffcfdfe0000 - 0x00007ffcfdfea000 	C:\Program Files\Amazon Corretto\jdk18.0.0_37\bin\jimage.dll
0x00007ffd006c0000 - 0x00007ffd008a4000 	C:\WINDOWS\SYSTEM32\DBGHELP.DLL
0x00007ffceb670000 - 0x00007ffceb6a5000 	C:\WINDOWS\SYSTEM32\dbgcore.DLL
0x00007ffd02f20000 - 0x00007ffd02fa2000 	C:\WINDOWS\System32\bcryptPrimitives.dll
0x00007ffcee740000 - 0x00007ffcee765000 	C:\Program Files\Amazon Corretto\jdk18.0.0_37\bin\java.dll
0x00007ffce49e0000 - 0x00007ffce4ab6000 	C:\Program Files\Amazon Corretto\jdk18.0.0_37\bin\jsvml.dll
0x00007ffd043f0000 - 0x00007ffd04b35000 	C:\WINDOWS\System32\SHELL32.dll
0x00007ffd01040000 - 0x00007ffd017d2000 	C:\WINDOWS\SYSTEM32\windows.storage.dll
0x00007ffd05010000 - 0x00007ffd05365000 	C:\WINDOWS\System32\combase.dll
0x00007ffd02490000 - 0x00007ffd024c0000 	C:\WINDOWS\SYSTEM32\Wldp.dll
0x00007ffd04b40000 - 0x00007ffd04bed000 	C:\WINDOWS\System32\SHCORE.dll
0x00007ffd04cb0000 - 0x00007ffd04d05000 	C:\WINDOWS\System32\shlwapi.dll
0x00007ffd029e0000 - 0x00007ffd029ff000 	C:\WINDOWS\SYSTEM32\profapi.dll
0x00007ffcee790000 - 0x00007ffcee7a3000 	C:\Program Files\Amazon Corretto\jdk18.0.0_37\bin\net.dll
0x00007ffcf9980000 - 0x00007ffcf9a8c000 	C:\WINDOWS\SYSTEM32\WINHTTP.dll
0x00007ffd02180000 - 0x00007ffd021ea000 	C:\WINDOWS\system32\mswsock.dll
0x00007ffcee710000 - 0x00007ffcee725000 	C:\Program Files\Amazon Corretto\jdk18.0.0_37\bin\nio.dll
0x00007ffceddd0000 - 0x00007ffcedde8000 	C:\Program Files\Amazon Corretto\jdk18.0.0_37\bin\zip.dll
0x00007ffd02370000 - 0x00007ffd02388000 	C:\WINDOWS\SYSTEM32\CRYPTSP.dll
0x00007ffd01aa0000 - 0x00007ffd01ad4000 	C:\WINDOWS\system32\rsaenh.dll
0x00007ffd03240000 - 0x00007ffd03267000 	C:\WINDOWS\System32\bcrypt.dll
0x00007ffd029a0000 - 0x00007ffd029ce000 	C:\WINDOWS\SYSTEM32\USERENV.dll
0x00007ffd02390000 - 0x00007ffd0239c000 	C:\WINDOWS\SYSTEM32\CRYPTBASE.dll
0x00007ffd01e70000 - 0x00007ffd01eab000 	C:\WINDOWS\SYSTEM32\IPHLPAPI.DLL
0x00007ffd034d0000 - 0x00007ffd034d8000 	C:\WINDOWS\System32\NSI.dll
0x00007ffcfb160000 - 0x00007ffcfb177000 	C:\WINDOWS\SYSTEM32\dhcpcsvc6.DLL
0x00007ffcfb070000 - 0x00007ffcfb08d000 	C:\WINDOWS\SYSTEM32\dhcpcsvc.DLL
0x00007ffd01eb0000 - 0x00007ffd01f7b000 	C:\WINDOWS\SYSTEM32\DNSAPI.dll
0x00007ffcfd670000 - 0x00007ffcfd67e000 	C:\Program Files\Amazon Corretto\jdk18.0.0_37\bin\sunmscapi.dll
0x00007ffd03000000 - 0x00007ffd03156000 	C:\WINDOWS\System32\CRYPT32.dll
0x00007ffd02500000 - 0x00007ffd02527000 	C:\WINDOWS\SYSTEM32\ncrypt.dll
0x00007ffd024c0000 - 0x00007ffd024fb000 	C:\WINDOWS\SYSTEM32\NTASN1.dll
0x00007ffcfd050000 - 0x00007ffcfd059000 	C:\Program Files\Amazon Corretto\jdk18.0.0_37\bin\management.dll
0x00007ffcfc9d0000 - 0x00007ffcfc9db000 	C:\Program Files\Amazon Corretto\jdk18.0.0_37\bin\management_ext.dll
0x00007ffcec240000 - 0x00007ffcec27d000 	C:\Users\travi\Better-Data-Viewer\API\src\main\java\backend\API\binary_csv\binary_to_csv_lib.dll

dbghelp: loaded successfully - version: 4.0.5 - missing functions: none
symbol engine: initialized successfully - sym options: 0x614 - pdb path: .;C:\Program Files\Amazon Corretto\jdk18.0.0_37\bin;C:\WINDOWS\SYSTEM32;C:\WINDOWS\WinSxS\amd64_microsoft.windows.common-controls_6595b64144ccf1df_6.0.19041.1110_none_60b5254171f9507e;C:\Program Files\Amazon Corretto\jdk18.0.0_37\bin\server;C:\Users\travi\Better-Data-Viewer\API\src\main\java\backend\API\binary_csv

VM Arguments:
jvm_args: -XX:TieredStopAtLevel=1 
java_command: backend.API.UploadingFilesApplication
java_class_path (initial): C:\Users\travi\Better-Data-Viewer\API\target\classes;C:\Users\travi\.m2\repository\org\springframework\boot\spring-boot\3.0.1\spring-boot-3.0.1.jar;C:\Users\travi\.m2\repository\org\springframework\boot\spring-boot-autoconfigure\3.0.1\spring-boot-autoconfigure-3.0.1.jar;C:\Users\travi\.m2\repository\ch\qos\logback\logback-classic\1.4.5\logback-classic-1.4.5.jar;C:\Users\travi\.m2\repository\ch\qos\logback\logback-core\1.4.5\logback-core-1.4.5.jar;C:\Users\travi\.m2\repository\org\apache\logging\log4j\log4j-to-slf4j\2.19.0\log4j-to-slf4j-2.19.0.jar;C:\Users\travi\.m2\repository\org\apache\logging\log4j\log4j-api\2.19.0\log4j-api-2.19.0.jar;C:\Users\travi\.m2\repository\org\slf4j\jul-to-slf4j\2.0.6\jul-to-slf4j-2.0.6.jar;C:\Users\travi\.m2\repository\jakarta\annotation\jakarta.annotation-api\2.1.1\jakarta.annotation-api-2.1.1.jar;C:\Users\travi\.m2\repository\org\yaml\snakeyaml\1.33\snakeyaml-1.33.jar;C:\Users\travi\.m2\repository\org\thymeleaf\thymeleaf-spring6\3.1.1.RELEASE\thymeleaf-spring6-3.1.1.RELEASE.jar;C:\Users\travi\.m2\repository\org\thymeleaf\thymeleaf\3.1.1.RELEASE\thymeleaf-3.1.1.RELEASE.jar;C:\Users\travi\.m2\repository\org\attoparser\attoparser\2.0.6.RELEASE\attoparser-2.0.6.RELEASE.jar;C:\Users\travi\.m2\repository\org\unbescape\unbescape\1.1.6.RELEASE\unbescape-1.1.6.RELEASE.jar;C:\Users\travi\.m2\repository\org\slf4j\slf4j-api\2.0.6\slf4j-api-2.0.6.jar;C:\Users\travi\.m2\repository\com\fasterxml\jackson\core\jackson-databind\2.14.1\jackson-databind-2.14.1.jar;C:\Users\travi\.m2\repository\com\fasterxml\jackson\core\jackson-annotations\2.14.1\jackson-annotations-2.14.1.jar;C:\Users\travi\.m2\repository\com\fasterxml\jackson\core\jackson-core\2.14.1\jackson-core-2.14.1.jar;C:\Users\travi\.m2\repository\com\fasterxml\jackson\datatype\jackson-datatype-jdk8\2.14.1\jackson-datatype-jdk8-2.14.1.jar;C:\Users\travi\.m2\repository\com\fasterxml\jackson\datatype\jackson-datatype-jsr310\2.14.1\jackson-datatype-jsr310-2.14.1.jar;C:\Users\travi\.m2\repository\com\fasterxml\jackson\module\jackson-module-parameter-names\2.14.1\jackson-module-parameter-names-2.14.1.jar;C:\Users\travi\.m2\repository\org\apache\tomcat\embed\tomcat-embed-core\10.1.4\tomcat-embed-core-10.1.4.jar;C:\Users\travi\.m2\repository\org\apache\tomcat\embed\tomcat-embed-el\10.1.4\tomcat-embed-el-10.1.4.jar;C:\Users\travi\.m2\repository\org\apache\tomcat\embed\tomcat-embed-websocket\10.1.4\tomcat-embed-websocket-10.1.4.jar;C:\Users\travi\.m2\repository\org\springframework\spring-web\6.0.3\spring-web-6.0.3.jar;C:\Users\travi\.m2\repository\org\springframework\spring-beans\6.0.3\spring-beans-6.0.3.jar;C:\Users\travi\.m2\repository\io\micrometer\micrometer-observation\1.10.2\micrometer-observation-1.10.2.jar;C:\Users\travi\.m2\repository\io\micrometer\micrometer-commons\1.10.2\micrometer-commons-1.10.2.jar;C:\Users\travi\.m2\repository\org\springframework\spring-webmvc\6.0.3\spring-webmvc-6.0.3.jar;C:\Users\travi\.m2\repository\org\springframework\spring-aop\6.0.3\spring-aop-6.0.3.jar;C:\Users\travi\.m2\repository\org\springframework\spring-context\6.0.3\spring-context-6.0.3.jar;C:\Users\travi\.m2\repository\org\springframework\spring-expression\6.0.3\spring-expression-6.0.3.jar;C:\Users\travi\.m2\repository\org\springframework\spring-core\6.0.3\spring-core-6.0.3.jar;C:\Users\travi\.m2\repository\org\springframework\spring-jcl\6.0.3\spring-jcl-6.0.3.jar;C:\Users\travi\.m2\repository\com\fazecast\jSerialComm\2.9.3\jSerialComm-2.9.3.jar
Launcher Type: SUN_STANDARD

[Global flags]
     intx CICompilerCount                          = 4                                         {product} {ergonomic}
     uint ConcGCThreads                            = 2                                         {product} {ergonomic}
     uint G1ConcRefinementThreads                  = 8                                         {product} {ergonomic}
   size_t G1HeapRegionSize                         = 1048576                                   {product} {ergonomic}
    uintx GCDrainStackTargetSize                   = 64                                        {product} {ergonomic}
   size_t InitialHeapSize                          = 134217728                                 {product} {ergonomic}
   size_t MarkStackSize                            = 4194304                                   {product} {ergonomic}
   size_t MaxHeapSize                              = 2118123520                                {product} {ergonomic}
   size_t MaxNewSize                               = 1270874112                                {product} {ergonomic}
   size_t MinHeapDeltaBytes                        = 1048576                                   {product} {ergonomic}
   size_t MinHeapSize                              = 8388608                                   {product} {ergonomic}
    uintx NonProfiledCodeHeapSize                  = 0                                      {pd product} {ergonomic}
     bool ProfileInterpreter                       = false                                  {pd product} {command line}
    uintx ProfiledCodeHeapSize                     = 0                                      {pd product} {ergonomic}
   size_t SoftMaxHeapSize                          = 2118123520                             {manageable} {ergonomic}
     intx TieredStopAtLevel                        = 1                                         {product} {command line}
     bool UseCompressedClassPointers               = true                           {product lp64_product} {ergonomic}
     bool UseCompressedOops                        = true                           {product lp64_product} {ergonomic}
     bool UseG1GC                                  = true                                      {product} {ergonomic}
     bool UseLargePagesIndividualAllocation        = false                                  {pd product} {ergonomic}

Logging:
Log output configuration:
 #0: stdout all=warning uptime,level,tags foldmultilines=false
 #1: stderr all=off uptime,level,tags foldmultilines=false

Environment Variables:
JAVA_HOME=C:\Program Files\Amazon Corretto\jdk18.0.0_37
CLASSPATH=C:\LINGO64_18\Lingo18.jar
PATH=C:\Program Files (x86)\Razer\ChromaBroadcast\bin;C:\Program Files\Razer\ChromaBroadcast\bin;C:\Program Files\Amazon Corretto\jdk18.0.0_37\bin;C:\Program Files (x86)\Intel\iCLS Client\;C:\Program Files\Intel\iCLS Client\;C:\WINDOWS\system32;C:\WINDOWS;C:\WINDOWS\System32\Wbem;C:\WINDOWS\System32\WindowsPowerShell\v1.0\;C:\WINDOWS\System32\OpenSSH\;C:\Program Files (x86)\Intel\Intel(R) Management Engine Components\DAL;C:\Program Files\Intel\Intel(R) Management Engine Components\DAL;C:\Program Files (x86)\Intel\Intel(R) Management Engine Components\IPT;C:\Program Files\Intel\Intel(R) Management Engine Components\IPT;C:\Program Files\Intel\WiFi\bin\;C:\Program Files\Common Files\Intel\WirelessCommon\;C:\Program Files\Microsoft SQL Server\120\Tools\Binn\;C:\Program Files\Quanser\QUARC\;C:\Program Files\Common Files\Quanser\hardware\;C:\Program Files\Git\cmd;C:\WINDOWS\system32\config\systemprofile\AppData\Local\Microsoft\WindowsApps;C:\Program Files\Pandoc\;C:\LINGO64_18\;C:\Program Files\nodejs\;C:\Program Files (x86)\Common Files\Quanser\hardware\;C:\Program Files (x86)\IVI Foundation\VISA\WinNT\Bin\;C:\Program Files\IVI Foundation\VISA\Win64\Bin\;C:\Program Files (x86)\IVI Foundation\VISA\WinNT\Bin;C:\Users\travi\AppData\Roaming\Python\Python39;C:\Users\travi\AppData\Roaming\Python\Python39\Scripts;C:\Users\travi\AppData\Local\Programs\Python\Python39-32\Scripts\;C:\Users\travi\AppData\Local\Programs\Python\Python39-32\;C:\Users\travi\AppData\Local\Programs\Python\Python38\Scripts;C:\Users\travi\AppData\Local\Programs\Python\Python38\;C:\Users\travi\AppData\Local\Programs\Python\Python310\Scripts;C:\Users\travi\AppData\Local\Programs\Python\Python310;C:\Users\travi\AppData\Local\Microsoft\WindowsApps;C:\Program Files (x86)\SSH Communications Security\SSH Secure Shell;C:\Users\travi\AppData\Local\Programs\Microsoft VS Code\bin;C:\Users\travi\AppData\Local\GitHubDesktop\bin;C:\Users\travi\AppData\Roaming\npm
USERNAME=travi
LANG=en_US.UTF-8
OS=Windows_NT
PROCESSOR_IDENTIFIER=Intel64 Family 6 Model 142 Stepping 10, GenuineIntel



---------------  S Y S T E M  ---------------

OS:
 Windows 10 , 64 bit Build 19041 (10.0.19041.2546)
OS uptime: 0 days 1:15 hours

CPU: total 8 (initial active 8) (4 cores per cpu, 2 threads per core) family 6 model 142 stepping 10 microcode 0xb4, cx8, cmov, fxsr, ht, mmx, 3dnowpref, sse, sse2, sse3, ssse3, sse4.1, sse4.2, popcnt, lzcnt, tsc, tscinvbit, avx, avx2, aes, erms, clmul, bmi1, bmi2, adx, fma, vzeroupper, clflush, clflushopt

Memory: 4k page, system-wide physical 8075M (1500M free)
TotalPageFile size 17291M (AvailPageFile size 3143M)
current process WorkingSet (physical memory assigned to process): 122M, peak: 811M
current process commit charge ("private bytes"): 166M, peak: 995M

vm_info: OpenJDK 64-Bit Server VM (18+37-FR) for windows-amd64 JRE (18+37-FR), built on Feb 25 2022 08:28:33 by "Administrator" with MS VC++ 15.9 (VS2017)

END.
